{
  "document_type": "GOODS RECEIPT NOTE",
  "company_details": {
    "name": "Sam Tell Companies",
    "address": "300 Smith Street, Farmingdale, NY 11735",
    "phone": "631-501-9700"
  },
  "receipt_details": {
    "grn_number": "GRN-778214",
    "date": "07/12/2020",
    "terms": "NET 30"
  },
  "line_items": [
    {
      "qty_ord": 2.0,
      "qty_ship": 2.0,
      "back_ord": 0.0,
      "item_no": "3902PFLG-M",
      "description": "Latex Industrial Gloves Medium, Powder Free, 10 Boxes/Case",
      "price": 84.0,
      "unit_of_measure": "CS",
      "amount": 168.0
    },
    {
      "qty_ord": 1.0,
      "qty_ship": 1.0,
      "back_ord": 0.0,
      "item_no": "PATTCOTTEN",
      "description": "Cottonelle Toilet Tissue 2 Ply",
      "price": 187.61,
      "unit_of_measure": "CS",
      "amount": 187.61
    },
    {
      "qty_ord": 1.0,
      "qty_ship": 1.0,
      "back_ord": 0.0,
      "item_no": "GALLONPUMP",
      "description": "Dispensing pump for one gallon jug \u2013 can use with handsanitizer",
      "price": 8.95,
      "unit_of_measure": "EA",
      "amount": 8.95
    },
    {
      "qty_ord": 2.0,
      "qty_ship": 2.0,
      "back_ord": 0.0,
      "item_no": "3902PFLG-L",
      "description": "Latex Standard Gloves Large, Powder Free, 10 Boxes/Case",
      "price": 84.0,
      "unit_of_measure": "CS",
      "amount": 168.0
    },
    {
      "qty_ord": 1.0,
      "qty_ship": 1.0,
      "back_ord": 0.0,
      "item_no": "G1380SC4",
      "description": "St Grill & Oven Cleaner Gallon, 4/1 Gallon Per Case",
      "price": 51.13,
      "unit_of_measure": "CS",
      "amount": 51.13
    },
    {
      "qty_ord": 2.0,
      "qty_ship": 2.0,
      "back_ord": 0.0,
      "item_no": "FACEMASK",
      "description": "Disposable protective facemask, plastic ear loop, 50ea/bag",
      "price": 54.0,
      "unit_of_measure": "BAG",
      "amount": 108.0
    },
    {
      "qty_ord": 1.0,
      "qty_ship": 1.0,
      "back_ord": 0.0,
      "item_no": "PAFOIL18X5",
      "description": "Foil Heavy 18\" x 300 Ft.",
      "price": 95.88,
      "unit_of_measure": "RL",
      "amount": 95.88
    }
  ],
  "total_amount": 891.57
}