{
  "invoice_number": null,
  "date": null,
  "vendor_name": null,
  "vendor_address": null,
  "po_number": null,
  "total_amount": null,
  "line_items": [
    {
      "description": "dispensing pump for one gallon jug - Can use with handsaniti",
      "quantity_ordered": 1.0,
      "quantity_shipped": 1.0,
      "unit_price": 8.95,
      "amount": 8.95
    },
    {
      "description": "Disposable protective facemask elastic ear loop 50ea/bag",
      "quantity_ordered": 2.0,
      "quantity_shipped": 2.0,
      "unit_price": 54.0,
      "amount": 108.0
    },
    {
      "description": "Latex Industrial Gloves Medium Powder Free 10 Boxes/ Case",
      "quantity_ordered": 2.0,
      "quantity_shipped": 2.0,
      "unit_price": 84.0,
      "amount": 168.0
    },
    {
      "description": "Latex Standard Gloves Large Powder Free 10 Boxes/Case",
      "quantity_ordered": 2.0,
      "quantity_shipped": 2.0,
      "unit_price": 84.0,
      "amount": 168.0
    },
    {
      "description": "Foil Heavy 18\" X 500 Ft.",
      "quantity_ordered": 1.0,
      "quantity_shipped": 1.0,
      "unit_price": 95.88,
      "amount": 95.88
    },
    {
      "description": "Easy Off Oven Clean 24oz 6/Cs",
      "quantity_ordered": 1.0,
      "quantity_shipped": 1.0,
      "unit_price": 104.0,
      "amount": 104.01
    },
    {
      "description": "St Grill & Oven Cleaner Gallon 4/1 Gallon Per Case",
      "quantity_ordered": 1.0,
      "quantity_shipped": 1.0,
      "unit_price": 51.13,
      "amount": 51.13
    },
    {
      "description": "Cottonelle Toilet Tissue 2 Ply",
      "quantity_ordered": 1.0,
      "quantity_shipped": 1.0,
      "unit_price": 187.61,
      "amount": 187.61
    }
  ]
}