{
  "PO_NUMBER": "PO-778214",
  "DATE": "07/08/2020",
  "TERMS": "NET 30",
  "VENDOR_NAME": "Sam Tell Companies",
  "VENDOR_ADDRESS": "300 Smith Street, Farmingdale, NY 11735",
  "VENDOR_PHONE": "631-501-9700",
  "LINE_ITEMS": [
    {
      "QTY_ORD": 2.0,
      "QTY_SHIP": 2.0,
      "QTY_BACKORD": 0.0,
      "ITEM_NO": "FACEMASK",
      "DESCRIPTION": "Disposable protective facemask, plastic ear loop, 50ea/bag",
      "PRICE": 54.0,
      "UOM": "BAG",
      "AMOUNT": 108.0
    },
    {
      "QTY_ORD": 1.0,
      "QTY_SHIP": 1.0,
      "QTY_BACKORD": 0.0,
      "ITEM_NO": "G1380SC4",
      "DESCRIPTION": "St Grill & Oven Cleaner Gallon, 4/1 Gallon Per Case",
      "PRICE": 51.13,
      "UOM": "CS",
      "AMOUNT": 51.13
    },
    {
      "QTY_ORD": 1.0,
      "QTY_SHIP": 1.0,
      "QTY_BACKORD": 0.0,
      "ITEM_NO": "GALLONPUMP",
      "DESCRIPTION": "Dispensing pump for one gallon jug \u2013 can use with handsanitizer",
      "PRICE": 8.95,
      "UOM": "EA",
      "AMOUNT": 8.95
    },
    {
      "QTY_ORD": 1.0,
      "QTY_SHIP": 1.0,
      "QTY_BACKORD": 0.0,
      "ITEM_NO": "PAFOIL18X5",
      "DESCRIPTION": "Foil Heavy 18\" x 300 Ft.",
      "PRICE": 95.88,
      "UOM": "RL",
      "AMOUNT": 95.88
    },
    {
      "QTY_ORD": 1.0,
      "QTY_SHIP": 1.0,
      "QTY_BACKORD": 0.0,
      "ITEM_NO": "PATTCOTTEN",
      "DESCRIPTION": "Cottonelle Toilet Tissue 2 Ply",
      "PRICE": 187.61,
      "UOM": "CS",
      "AMOUNT": 187.61
    },
    {
      "QTY_ORD": 2.0,
      "QTY_SHIP": 2.0,
      "QTY_BACKORD": 0.0,
      "ITEM_NO": "3902PFLG-M",
      "DESCRIPTION": "Latex Industrial Gloves Medium, Powder Free, 10 Boxes/Case",
      "PRICE": 84.0,
      "UOM": "CS",
      "AMOUNT": 168.0
    },
    {
      "QTY_ORD": 1.0,
      "QTY_SHIP": 1.0,
      "QTY_BACKORD": 0.0,
      "ITEM_NO": "CLEZOFF",
      "DESCRIPTION": "Easy Off Oven Clean 24oz, 6/Cs",
      "PRICE": 104.0,
      "UOM": "CS",
      "AMOUNT": 104.0
    },
    {
      "QTY_ORD": 2.0,
      "QTY_SHIP": 2.0,
      "QTY_BACKORD": 0.0,
      "ITEM_NO": "3902PFLG-L",
      "DESCRIPTION": "Latex Standard Gloves Large, Powder Free, 10 Boxes/Case",
      "PRICE": 84.0,
      "UOM": "CS",
      "AMOUNT": 168.0
    }
  ],
  "TOTAL_AMOUNT": 891.57
}