{
  "purchase_order": {
    "vendor": {
      "name": "Sam Tell Companies",
      "address": "300 Smith Street, Farmingdale, NY 11735",
      "phone": "631-501-9700"
    },
    "po_number": "PO-778214",
    "date": "07/08/2020",
    "terms": "NET 30",
    "line_items": [
      {
        "qty_ord": 2.0,
        "qty_ship": 2.0,
        "back_ord": 0.0,
        "item_no": "FACEMASK",
        "description": "Disposable protective facemask, plastic ear loop, 50ea/bag",
        "price": 54.0,
        "u_m": "BAG",
        "amount": 108.0
      },
      {
        "qty_ord": 1.0,
        "qty_ship": 1.0,
        "back_ord": 0.0,
        "item_no": "G1380SC4",
        "description": "St Grill & Oven Cleaner Gallon, 4/1 Gallon Per Case",
        "price": 51.13,
        "u_m": "CS",
        "amount": 51.13
      },
      {
        "qty_ord": 1.0,
        "qty_ship": 1.0,
        "back_ord": 0.0,
        "item_no": "GALLONPUMP",
        "description": "Dispensing pump for one gallon jug \u2013 can use with handsanitizer",
        "price": 8.95,
        "u_m": "EA",
        "amount": 8.95
      },
      {
        "qty_ord": 1.0,
        "qty_ship": 1.0,
        "back_ord": 0.0,
        "item_no": "PAFOIL18X5",
        "description": "Foil Heavy 18\" x 300 Ft.",
        "price": 95.88,
        "u_m": "RL",
        "amount": 95.88
      },
      {
        "qty_ord": 1.0,
        "qty_ship": 1.0,
        "back_ord": 0.0,
        "item_no": "PATTC\u00d4TTEN",
        "description": "Cottonelle Toilet Tissue 2 Ply",
        "price": 187.61,
        "u_m": "CS",
        "amount": 187.61
      },
      {
        "qty_ord": 2.0,
        "qty_ship": 2.0,
        "back_ord": 0.0,
        "item_no": "3902PFLG-M",
        "description": "Latex Industrial Gloves Medium, Powder Free, 10 Boxes/Case",
        "price": 84.0,
        "u_m": "CS",
        "amount": 168.0
      },
      {
        "qty_ord": 1.0,
        "qty_ship": 1.0,
        "back_ord": 0.0,
        "item_no": "CLEZOFF",
        "description": "Easy Off Oven Clean 24oz, 6/Cs",
        "price": 104.0,
        "u_m": "CS",
        "amount": 104.0
      },
      {
        "qty_ord": 2.0,
        "qty_ship": 2.0,
        "back_ord": 0.0,
        "item_no": "3902PFLG-L",
        "description": "Latex Standard Gloves Large, Powder Free, 10 Boxes/Case",
        "price": 84.0,
        "u_m": "CS",
        "amount": 168.0
      }
    ],
    "total": 891.57
  }
}